<?xml version="1.0" encoding="UTF-8"?>
<!-- Generated by org.testng.reporters.JUnitReportReporter -->
<testsuite hostname="LTIN447807" failures="0" tests="1" name="testclasses.FbLoginTest" time="0.006" errors="0" timestamp="2024-03-15T13:09:11 IST" skipped="0">
  <testcase classname="testclasses.FbLoginTest" name="hello" time="0.006"/>
</testsuite> <!-- testclasses.FbLoginTest -->
